<?xml version="1.0" encoding="UTF-8"?>
<!-- Generated by org.testng.reporters.JUnitReportReporter -->
<testsuite skipped="0" hostname="Ronnie" name="Generic_TestScripts.TS_Gmail_Compose" tests="1" failures="0" timestamp="2019-12-29T11:23:00 IST" time="63.212" errors="0">
  <testcase name="GmailLogin" time="63.212" classname="Generic_TestScripts.TS_Gmail_Compose"/>
</testsuite> <!-- Generic_TestScripts.TS_Gmail_Compose -->
