<?xml version="1.0" encoding="UTF-8"?>
<!-- Generated by org.testng.reporters.JUnitReportReporter -->
<testsuite skipped="0" hostname="Ronnie" name="Generic_TestScripts.TS_Gmail_Sent" tests="1" failures="0" timestamp="2019-12-29T11:23:00 IST" time="51.824" errors="0">
  <testcase name="Sent_Links" time="51.824" classname="Generic_TestScripts.TS_Gmail_Sent"/>
</testsuite> <!-- Generic_TestScripts.TS_Gmail_Sent -->
